<?xml version="1.0" encoding="UTF-8"?>
<!-- Generated by org.testng.reporters.JUnitReportReporter -->
<testsuite skipped="0" hostname="LAPTOP-NE7DH0T6" name="InvokingMethods.InvokeMethods" tests="1" failures="0" timestamp="28 May 2020 10:15:16 GMT" time="0.005" errors="0">
  <testcase name="FlipartAutomation" time="0.005" classname="InvokingMethods.InvokeMethods"/>
</testsuite> <!-- InvokingMethods.InvokeMethods -->
